2025-10-29 03:39:18,793 INFO o.a.j.u.JMeterUtils: Setting Locale to en_EN
2025-10-29 03:39:18,811 INFO o.a.j.JMeter: Loading user properties from: E:\Apache_Jmeter\apache-jmeter-5.6.3\apache-jmeter-5.6.3\bin\user.properties
2025-10-29 03:39:18,811 INFO o.a.j.JMeter: Loading system properties from: E:\Apache_Jmeter\apache-jmeter-5.6.3\apache-jmeter-5.6.3\bin\system.properties
2025-10-29 03:39:18,820 INFO o.a.j.JMeter: Copyright (c) 1998-2024 The Apache Software Foundation
2025-10-29 03:39:18,821 INFO o.a.j.JMeter: Version 5.6.3
2025-10-29 03:39:18,821 INFO o.a.j.JMeter: java.version=21.0.6
2025-10-29 03:39:18,821 INFO o.a.j.JMeter: java.vm.name=Java HotSpot(TM) 64-Bit Server VM
2025-10-29 03:39:18,821 INFO o.a.j.JMeter: os.name=Windows 11
2025-10-29 03:39:18,822 INFO o.a.j.JMeter: os.arch=amd64
2025-10-29 03:39:18,822 INFO o.a.j.JMeter: os.version=10.0
2025-10-29 03:39:18,822 INFO o.a.j.JMeter: file.encoding=UTF-8
2025-10-29 03:39:18,822 INFO o.a.j.JMeter: java.awt.headless=true
2025-10-29 03:39:18,822 INFO o.a.j.JMeter: Max memory     =1073741824
2025-10-29 03:39:18,822 INFO o.a.j.JMeter: Available Processors =8
2025-10-29 03:39:18,832 INFO o.a.j.JMeter: Default Locale=English (EN)
2025-10-29 03:39:18,833 INFO o.a.j.JMeter: JMeter  Locale=English (EN)
2025-10-29 03:39:18,833 INFO o.a.j.JMeter: JMeterHome=E:\Apache_Jmeter\apache-jmeter-5.6.3\apache-jmeter-5.6.3
2025-10-29 03:39:18,833 INFO o.a.j.JMeter: user.dir  =E:\Apache_Jmeter\apache-jmeter-5.6.3\apache-jmeter-5.6.3\bin\Jmeter Chaining
2025-10-29 03:39:18,833 INFO o.a.j.JMeter: PWD       =E:\Apache_Jmeter\apache-jmeter-5.6.3\apache-jmeter-5.6.3\bin\Jmeter Chaining
2025-10-29 03:39:18,834 INFO o.a.j.JMeter: IP: 192.168.31.24 Name: DESKTOP-3BV0HUD FullName: DESKTOP-3BV0HUD
2025-10-29 03:39:18,857 INFO o.a.j.JMeter: Setting property 'jmeter.reportgenerator.outputdir' to:'E:\Apache_Jmeter\apache-jmeter-5.6.3\apache-jmeter-5.6.3\bin\Jmeter Chaining\Reports'
2025-10-29 03:39:18,861 INFO o.a.j.s.FileServer: Default base='E:\Apache_Jmeter\apache-jmeter-5.6.3\apache-jmeter-5.6.3\bin\Jmeter Chaining'
2025-10-29 03:39:18,862 INFO o.a.j.s.FileServer: Set new base='E:\Apache_Jmeter\apache-jmeter-5.6.3\apache-jmeter-5.6.3\bin\Jmeter Chaining\.'
2025-10-29 03:39:19,077 INFO o.a.j.s.SaveService: Testplan (JMX) version: 2.2. Testlog (JTL) version: 2.2
2025-10-29 03:39:19,117 INFO o.a.j.s.SaveService: Using SaveService properties version 5.0
2025-10-29 03:39:19,120 INFO o.a.j.s.SaveService: Using SaveService properties file encoding UTF-8
2025-10-29 03:39:19,123 INFO o.a.j.s.SaveService: Loading file: .\dmoney.jmx
2025-10-29 03:39:19,208 INFO o.a.j.p.h.s.HTTPSamplerBase: Parser for text/html is org.apache.jmeter.protocol.http.parser.LagartoBasedHtmlParser
2025-10-29 03:39:19,208 INFO o.a.j.p.h.s.HTTPSamplerBase: Parser for application/xhtml+xml is org.apache.jmeter.protocol.http.parser.LagartoBasedHtmlParser
2025-10-29 03:39:19,208 INFO o.a.j.p.h.s.HTTPSamplerBase: Parser for application/xml is org.apache.jmeter.protocol.http.parser.LagartoBasedHtmlParser
2025-10-29 03:39:19,208 INFO o.a.j.p.h.s.HTTPSamplerBase: Parser for text/xml is org.apache.jmeter.protocol.http.parser.LagartoBasedHtmlParser
2025-10-29 03:39:19,208 INFO o.a.j.p.h.s.HTTPSamplerBase: Parser for text/vnd.wap.wml is org.apache.jmeter.protocol.http.parser.RegexpHTMLParser
2025-10-29 03:39:19,208 INFO o.a.j.p.h.s.HTTPSamplerBase: Parser for text/css is org.apache.jmeter.protocol.http.parser.CssParser
2025-10-29 03:39:19,291 INFO o.a.j.JMeter: Creating summariser <summary>
2025-10-29 03:39:19,296 INFO o.a.j.r.d.ReportGenerator: ReportGenerator will use for Parsing the separator: ','
2025-10-29 03:39:19,297 INFO o.a.j.r.d.ReportGenerator: Will generate report at end of test from  results file: .\dmoney.jtl
2025-10-29 03:39:19,297 INFO o.a.j.r.d.ReportGenerator: Reading report generator properties from: E:\Apache_Jmeter\apache-jmeter-5.6.3\apache-jmeter-5.6.3\bin\reportgenerator.properties
2025-10-29 03:39:19,297 INFO o.a.j.r.d.ReportGenerator: Merging with JMeter properties
2025-10-29 03:39:19,303 INFO o.a.j.r.c.ReportGeneratorConfiguration: Property 'jmeter.reportgenerator.temp_dir' not found, using default value 'temp' instead.
2025-10-29 03:39:19,307 INFO o.a.j.r.c.ReportGeneratorConfiguration: Property 'jmeter.reportgenerator.apdex_per_transaction' not found, using default value 'null' instead.
2025-10-29 03:39:19,307 INFO o.a.j.r.c.ReportGeneratorConfiguration: apdex_per_transaction is empty, not APDEX per transaction customization
2025-10-29 03:39:19,308 INFO o.a.j.r.c.ReportGeneratorConfiguration: Property 'jmeter.reportgenerator.sample_filter' not found, using default value 'null' instead.
2025-10-29 03:39:19,308 INFO o.a.j.r.c.ReportGeneratorConfiguration: Property 'jmeter.reportgenerator.report_title' not found, using default value 'null' instead.
2025-10-29 03:39:19,308 INFO o.a.j.r.c.ReportGeneratorConfiguration: Property 'jmeter.reportgenerator.start_date' not found, using default value 'null' instead.
2025-10-29 03:39:19,308 INFO o.a.j.r.c.ReportGeneratorConfiguration: Property 'jmeter.reportgenerator.end_date' not found, using default value 'null' instead.
2025-10-29 03:39:19,308 INFO o.a.j.r.c.ReportGeneratorConfiguration: Property 'jmeter.reportgenerator.date_format' not found, using default value 'null' instead.
2025-10-29 03:39:19,308 INFO o.a.j.r.c.ReportGeneratorConfiguration: Will use date range start date: null, end date: null
2025-10-29 03:39:19,316 INFO o.a.j.r.c.ReportGeneratorConfiguration: Property 'jmeter.reportgenerator.graph.totalTPS.exclude_controllers' not found, using default value 'false' instead.
2025-10-29 03:39:19,316 INFO o.a.j.r.c.ReportGeneratorConfiguration: Property 'jmeter.reportgenerator.graph.activeThreadsOverTime.exclude_controllers' not found, using default value 'false' instead.
2025-10-29 03:39:19,316 INFO o.a.j.r.c.ReportGeneratorConfiguration: Property 'jmeter.reportgenerator.graph.timeVsThreads.exclude_controllers' not found, using default value 'false' instead.
2025-10-29 03:39:19,316 INFO o.a.j.r.c.ReportGeneratorConfiguration: Property 'jmeter.reportgenerator.graph.responseTimeDistribution.exclude_controllers' not found, using default value 'false' instead.
2025-10-29 03:39:19,316 INFO o.a.j.r.c.ReportGeneratorConfiguration: Property 'jmeter.reportgenerator.graph.transactionsPerSecond.exclude_controllers' not found, using default value 'false' instead.
2025-10-29 03:39:19,316 INFO o.a.j.r.c.ReportGeneratorConfiguration: Property 'jmeter.reportgenerator.graph.responseTimePercentiles.exclude_controllers' not found, using default value 'false' instead.
2025-10-29 03:39:19,316 INFO o.a.j.r.c.ReportGeneratorConfiguration: Property 'jmeter.reportgenerator.graph.responseTimePercentilesOverTime.exclude_controllers' not found, using default value 'false' instead.
2025-10-29 03:39:19,317 INFO o.a.j.r.c.ReportGeneratorConfiguration: Property 'jmeter.reportgenerator.graph.responseTimesOverTime.exclude_controllers' not found, using default value 'false' instead.
2025-10-29 03:39:19,317 INFO o.a.j.r.c.ReportGeneratorConfiguration: Property 'jmeter.reportgenerator.graph.connectTimeOverTime.exclude_controllers' not found, using default value 'false' instead.
2025-10-29 03:39:19,317 INFO o.a.j.r.c.ReportGeneratorConfiguration: Property 'jmeter.reportgenerator.graph.latenciesOverTime.exclude_controllers' not found, using default value 'false' instead.
2025-10-29 03:39:19,318 INFO o.a.j.r.c.ReportGeneratorConfiguration: Property 'jmeter.reportgenerator.exporter.json.filters_only_sample_series' not found, using default value 'true' instead.
2025-10-29 03:39:19,318 INFO o.a.j.r.c.ReportGeneratorConfiguration: Property 'jmeter.reportgenerator.exporter.json.series_filter' not found, using default value '' instead.
2025-10-29 03:39:19,318 INFO o.a.j.r.c.ReportGeneratorConfiguration: Property 'jmeter.reportgenerator.exporter.json.show_controllers_only' not found, using default value 'false' instead.
2025-10-29 03:39:19,318 INFO o.a.j.r.c.ReportGeneratorConfiguration: Property 'jmeter.reportgenerator.exporter.html.filters_only_sample_series' not found, using default value 'true' instead.
2025-10-29 03:39:19,320 INFO o.a.j.r.c.ReportGeneratorConfiguration: Property 'jmeter.reportgenerator.exporter.html.series_filter' not found, using default value '' instead.
2025-10-29 03:39:19,320 INFO o.a.j.r.c.ReportGeneratorConfiguration: Property 'jmeter.reportgenerator.exporter.html.show_controllers_only' not found, using default value 'false' instead.
2025-10-29 03:39:19,336 INFO o.a.j.e.StandardJMeterEngine: Running the test!
2025-10-29 03:39:19,337 INFO o.a.j.s.SampleEvent: List of sample_variables: []
2025-10-29 03:39:19,337 INFO o.a.j.s.SampleEvent: List of sample_variables: []
2025-10-29 03:39:19,344 INFO o.a.j.e.u.CompoundVariable: Note: Function class names must contain the string: '.functions.'
2025-10-29 03:39:19,344 INFO o.a.j.e.u.CompoundVariable: Note: Function class names must not contain the string: '.gui.'
2025-10-29 03:39:19,407 INFO o.a.j.r.ClassFinder: Will scan jar E:\Apache_Jmeter\apache-jmeter-5.6.3\apache-jmeter-5.6.3\lib\ext\javafaker-1.0.2.jar with filter ExtendsClassFilter [parents=[interface org.apache.jmeter.functions.Function], inner=false, contains=null, notContains=null]. Consider exposing JMeter plugins via META-INF/services, and add JMeter-Skip-Class-Scanning=true manifest attribute so JMeter can skip classfile scanning
2025-10-29 03:39:19,710 INFO o.a.j.JMeter: Running test (1761687559710)
2025-10-29 03:39:19,711 INFO o.a.j.e.StandardJMeterEngine: Starting setUp thread groups
2025-10-29 03:39:19,711 INFO o.a.j.e.StandardJMeterEngine: Starting setUp ThreadGroup: 1 : Admin login 
2025-10-29 03:39:19,712 INFO o.a.j.e.StandardJMeterEngine: Starting 1 threads for group Admin login.
2025-10-29 03:39:19,712 INFO o.a.j.e.StandardJMeterEngine: Thread will continue on error
2025-10-29 03:39:19,712 INFO o.a.j.t.ThreadGroup: Starting thread group... number=1 threads=1 ramp-up=120 delayedStart=false
2025-10-29 03:39:19,715 INFO o.a.j.t.ThreadGroup: Started thread group number 1
2025-10-29 03:39:19,716 INFO o.a.j.e.StandardJMeterEngine: Waiting for all setup thread groups to exit
2025-10-29 03:39:19,717 INFO o.a.j.t.JMeterThread: Thread started: Admin login 1-1
2025-10-29 03:39:19,732 INFO o.a.j.p.h.s.HTTPHCAbstractImpl: Local host = DESKTOP-3BV0HUD
2025-10-29 03:39:19,739 INFO o.a.j.p.h.s.HTTPHC4Impl: HTTP request retry count = 0
2025-10-29 03:39:19,741 INFO o.a.j.s.SampleResult: Note: Sample TimeStamps are START times
2025-10-29 03:39:19,741 INFO o.a.j.s.SampleResult: sampleresult.default.encoding is set to UTF-8
2025-10-29 03:39:19,741 INFO o.a.j.s.SampleResult: sampleresult.useNanoTime=true
2025-10-29 03:39:19,741 INFO o.a.j.s.SampleResult: sampleresult.nanoThreadSleep=5000
2025-10-29 03:39:19,855 INFO o.a.j.p.h.s.h.LazyLayeredConnectionSocketFactory: Setting up HTTPS TrustAll Socket Factory
2025-10-29 03:39:19,859 INFO o.a.j.u.JsseSSLManager: Using default SSL protocol: TLS
2025-10-29 03:39:19,859 INFO o.a.j.u.JsseSSLManager: SSL session context: per-thread
2025-10-29 03:39:19,996 INFO o.a.j.u.SSLManager: JmeterKeyStore Location:  type JKS
2025-10-29 03:39:20,000 INFO o.a.j.u.SSLManager: KeyStore created OK
2025-10-29 03:39:20,000 WARN o.a.j.u.SSLManager: Keystore file not found, loading empty keystore
2025-10-29 03:39:21,107 INFO o.a.j.t.JMeterThread: Thread is done: Admin login 1-1
2025-10-29 03:39:21,107 INFO o.a.j.t.JMeterThread: Thread finished: Admin login 1-1
2025-10-29 03:39:21,110 INFO o.a.j.e.StandardJMeterEngine: All Setup Threads have ended
2025-10-29 03:39:21,133 INFO o.a.j.e.StandardJMeterEngine: Starting ThreadGroup: 1 : Deposit
2025-10-29 03:39:21,133 INFO o.a.j.e.StandardJMeterEngine: Starting 5 threads for group Deposit.
2025-10-29 03:39:21,133 INFO o.a.j.e.StandardJMeterEngine: Thread will continue on error
2025-10-29 03:39:21,133 INFO o.a.j.t.ThreadGroup: Starting thread group... number=1 threads=5 ramp-up=120 delayedStart=false
2025-10-29 03:39:21,135 INFO o.a.j.t.ThreadGroup: Started thread group number 1
2025-10-29 03:39:21,136 INFO o.a.j.e.StandardJMeterEngine: Starting ThreadGroup: 2 : Send Money
2025-10-29 03:39:21,136 INFO o.a.j.e.StandardJMeterEngine: Starting 5 threads for group Send Money.
2025-10-29 03:39:21,136 INFO o.a.j.e.StandardJMeterEngine: Thread will continue on error
2025-10-29 03:39:21,136 INFO o.a.j.t.ThreadGroup: Starting thread group... number=2 threads=5 ramp-up=120 delayedStart=false
2025-10-29 03:39:21,140 INFO o.a.j.t.ThreadGroup: Started thread group number 2
2025-10-29 03:39:21,140 INFO o.a.j.e.StandardJMeterEngine: Starting ThreadGroup: 3 : Payment
2025-10-29 03:39:21,141 INFO o.a.j.e.StandardJMeterEngine: Starting 5 threads for group Payment.
2025-10-29 03:39:21,141 INFO o.a.j.e.StandardJMeterEngine: Thread will continue on error
2025-10-29 03:39:21,141 INFO o.a.j.t.ThreadGroup: Starting thread group... number=3 threads=5 ramp-up=120 delayedStart=false
2025-10-29 03:39:21,144 INFO o.a.j.t.ThreadGroup: Started thread group number 3
2025-10-29 03:39:21,144 INFO o.a.j.e.StandardJMeterEngine: All thread groups have been started
2025-10-29 03:39:21,150 INFO o.a.j.t.JMeterThread: Thread started: Send Money 2-1
2025-10-29 03:39:21,150 INFO o.a.j.t.JMeterThread: Thread started: Payment 3-1
2025-10-29 03:39:21,151 INFO o.a.j.s.FileServer: Stored: E:/Apache_Jmeter/apache-jmeter-5.6.3/apache-jmeter-5.6.3/bin/Jmeter Chaining/payment.csv Alias: E:/Apache_Jmeter/apache-jmeter-5.6.3/apache-jmeter-5.6.3/bin/Jmeter Chaining/payment.csv@260464735
2025-10-29 03:39:21,151 INFO o.a.j.t.JMeterThread: Thread started: Deposit 1-1
2025-10-29 03:39:21,162 INFO o.a.j.s.FileServer: Stored: E:/Apache_Jmeter/apache-jmeter-5.6.3/apache-jmeter-5.6.3/bin/Jmeter Chaining/deposit.csv Alias: E:/Apache_Jmeter/apache-jmeter-5.6.3/apache-jmeter-5.6.3/bin/Jmeter Chaining/deposit.csv@1624818404
2025-10-29 03:39:21,163 INFO o.a.j.s.FileServer: Stored: E:/Apache_Jmeter/apache-jmeter-5.6.3/apache-jmeter-5.6.3/bin/Jmeter Chaining/send_money.csv Alias: E:/Apache_Jmeter/apache-jmeter-5.6.3/apache-jmeter-5.6.3/bin/Jmeter Chaining/send_money.csv@2144846665
2025-10-29 03:39:21,541 INFO o.a.j.t.JMeterThread: Thread is done: Payment 3-1
2025-10-29 03:39:21,541 INFO o.a.j.t.JMeterThread: Thread finished: Payment 3-1
2025-10-29 03:39:21,658 INFO o.a.j.t.JMeterThread: Thread is done: Send Money 2-1
2025-10-29 03:39:21,659 INFO o.a.j.t.JMeterThread: Thread finished: Send Money 2-1
2025-10-29 03:39:21,812 INFO o.a.j.t.JMeterThread: Thread is done: Deposit 1-1
2025-10-29 03:39:21,812 INFO o.a.j.t.JMeterThread: Thread finished: Deposit 1-1
2025-10-29 03:39:45,150 INFO o.a.j.t.JMeterThread: Thread started: Deposit 1-2
2025-10-29 03:39:45,151 INFO o.a.j.s.FileServer: Stored: E:/Apache_Jmeter/apache-jmeter-5.6.3/apache-jmeter-5.6.3/bin/Jmeter Chaining/deposit.csv Alias: E:/Apache_Jmeter/apache-jmeter-5.6.3/apache-jmeter-5.6.3/bin/Jmeter Chaining/deposit.csv@960379401
2025-10-29 03:39:45,151 INFO o.a.j.t.JMeterThread: Thread started: Send Money 2-2
2025-10-29 03:39:45,151 INFO o.a.j.t.JMeterThread: Thread started: Payment 3-2
2025-10-29 03:39:45,152 INFO o.a.j.s.FileServer: Stored: E:/Apache_Jmeter/apache-jmeter-5.6.3/apache-jmeter-5.6.3/bin/Jmeter Chaining/send_money.csv Alias: E:/Apache_Jmeter/apache-jmeter-5.6.3/apache-jmeter-5.6.3/bin/Jmeter Chaining/send_money.csv@357209208
2025-10-29 03:39:45,153 INFO o.a.j.s.FileServer: Stored: E:/Apache_Jmeter/apache-jmeter-5.6.3/apache-jmeter-5.6.3/bin/Jmeter Chaining/payment.csv Alias: E:/Apache_Jmeter/apache-jmeter-5.6.3/apache-jmeter-5.6.3/bin/Jmeter Chaining/payment.csv@1504524571
2025-10-29 03:39:45,496 INFO o.a.j.t.JMeterThread: Thread is done: Payment 3-2
2025-10-29 03:39:45,496 INFO o.a.j.t.JMeterThread: Thread finished: Payment 3-2
2025-10-29 03:39:45,672 INFO o.a.j.t.JMeterThread: Thread is done: Send Money 2-2
2025-10-29 03:39:45,672 INFO o.a.j.t.JMeterThread: Thread finished: Send Money 2-2
2025-10-29 03:39:45,792 INFO o.a.j.t.JMeterThread: Thread is done: Deposit 1-2
2025-10-29 03:39:45,792 INFO o.a.j.t.JMeterThread: Thread finished: Deposit 1-2
2025-10-29 03:40:09,149 INFO o.a.j.t.JMeterThread: Thread started: Deposit 1-3
2025-10-29 03:40:09,149 INFO o.a.j.s.FileServer: Stored: E:/Apache_Jmeter/apache-jmeter-5.6.3/apache-jmeter-5.6.3/bin/Jmeter Chaining/deposit.csv Alias: E:/Apache_Jmeter/apache-jmeter-5.6.3/apache-jmeter-5.6.3/bin/Jmeter Chaining/deposit.csv@742882002
2025-10-29 03:40:09,150 INFO o.a.j.t.JMeterThread: Thread started: Payment 3-3
2025-10-29 03:40:09,151 INFO o.a.j.s.FileServer: Stored: E:/Apache_Jmeter/apache-jmeter-5.6.3/apache-jmeter-5.6.3/bin/Jmeter Chaining/payment.csv Alias: E:/Apache_Jmeter/apache-jmeter-5.6.3/apache-jmeter-5.6.3/bin/Jmeter Chaining/payment.csv@1243950146
2025-10-29 03:40:09,151 INFO o.a.j.t.JMeterThread: Thread started: Send Money 2-3
2025-10-29 03:40:09,151 INFO o.a.j.s.FileServer: Stored: E:/Apache_Jmeter/apache-jmeter-5.6.3/apache-jmeter-5.6.3/bin/Jmeter Chaining/send_money.csv Alias: E:/Apache_Jmeter/apache-jmeter-5.6.3/apache-jmeter-5.6.3/bin/Jmeter Chaining/send_money.csv@529249155
2025-10-29 03:40:09,495 INFO o.a.j.t.JMeterThread: Thread is done: Payment 3-3
2025-10-29 03:40:09,495 INFO o.a.j.t.JMeterThread: Thread finished: Payment 3-3
2025-10-29 03:40:09,658 INFO o.a.j.t.JMeterThread: Thread is done: Send Money 2-3
2025-10-29 03:40:09,658 INFO o.a.j.t.JMeterThread: Thread finished: Send Money 2-3
2025-10-29 03:40:09,768 INFO o.a.j.t.JMeterThread: Thread is done: Deposit 1-3
2025-10-29 03:40:09,769 INFO o.a.j.t.JMeterThread: Thread finished: Deposit 1-3
2025-10-29 03:40:33,149 INFO o.a.j.t.JMeterThread: Thread started: Payment 3-4
2025-10-29 03:40:33,149 INFO o.a.j.t.JMeterThread: Thread started: Deposit 1-4
2025-10-29 03:40:33,150 INFO o.a.j.s.FileServer: Stored: E:/Apache_Jmeter/apache-jmeter-5.6.3/apache-jmeter-5.6.3/bin/Jmeter Chaining/payment.csv Alias: E:/Apache_Jmeter/apache-jmeter-5.6.3/apache-jmeter-5.6.3/bin/Jmeter Chaining/payment.csv@1627050703
2025-10-29 03:40:33,150 INFO o.a.j.t.JMeterThread: Thread started: Send Money 2-4
2025-10-29 03:40:33,151 INFO o.a.j.s.FileServer: Stored: E:/Apache_Jmeter/apache-jmeter-5.6.3/apache-jmeter-5.6.3/bin/Jmeter Chaining/send_money.csv Alias: E:/Apache_Jmeter/apache-jmeter-5.6.3/apache-jmeter-5.6.3/bin/Jmeter Chaining/send_money.csv@2039832437
2025-10-29 03:40:33,152 INFO o.a.j.s.FileServer: Stored: E:/Apache_Jmeter/apache-jmeter-5.6.3/apache-jmeter-5.6.3/bin/Jmeter Chaining/deposit.csv Alias: E:/Apache_Jmeter/apache-jmeter-5.6.3/apache-jmeter-5.6.3/bin/Jmeter Chaining/deposit.csv@30655668
2025-10-29 03:40:33,532 INFO o.a.j.r.Summariser: summary +     17 in 00:01:14 =    0.2/s Avg:   320 Min:   143 Max:   615 Err:     0 (0.00%) Active: 3 Started: 12 Finished: 9
2025-10-29 03:40:33,563 INFO o.a.j.t.JMeterThread: Thread is done: Payment 3-4
2025-10-29 03:40:33,563 INFO o.a.j.t.JMeterThread: Thread finished: Payment 3-4
2025-10-29 03:40:33,691 INFO o.a.j.t.JMeterThread: Thread is done: Send Money 2-4
2025-10-29 03:40:33,691 INFO o.a.j.t.JMeterThread: Thread finished: Send Money 2-4
2025-10-29 03:40:33,762 INFO o.a.j.t.JMeterThread: Thread is done: Deposit 1-4
2025-10-29 03:40:33,762 INFO o.a.j.t.JMeterThread: Thread finished: Deposit 1-4
2025-10-29 03:40:57,149 INFO o.a.j.t.JMeterThread: Thread started: Deposit 1-5
2025-10-29 03:40:57,149 INFO o.a.j.t.JMeterThread: Thread started: Send Money 2-5
2025-10-29 03:40:57,149 INFO o.a.j.t.JMeterThread: Thread started: Payment 3-5
2025-10-29 03:40:57,149 INFO o.a.j.s.FileServer: Stored: E:/Apache_Jmeter/apache-jmeter-5.6.3/apache-jmeter-5.6.3/bin/Jmeter Chaining/deposit.csv Alias: E:/Apache_Jmeter/apache-jmeter-5.6.3/apache-jmeter-5.6.3/bin/Jmeter Chaining/deposit.csv@1827117525
2025-10-29 03:40:57,150 INFO o.a.j.s.FileServer: Stored: E:/Apache_Jmeter/apache-jmeter-5.6.3/apache-jmeter-5.6.3/bin/Jmeter Chaining/payment.csv Alias: E:/Apache_Jmeter/apache-jmeter-5.6.3/apache-jmeter-5.6.3/bin/Jmeter Chaining/payment.csv@1158476585
2025-10-29 03:40:57,150 INFO o.a.j.s.FileServer: Stored: E:/Apache_Jmeter/apache-jmeter-5.6.3/apache-jmeter-5.6.3/bin/Jmeter Chaining/send_money.csv Alias: E:/Apache_Jmeter/apache-jmeter-5.6.3/apache-jmeter-5.6.3/bin/Jmeter Chaining/send_money.csv@1058782331
2025-10-29 03:40:57,482 INFO o.a.j.t.JMeterThread: Thread is done: Payment 3-5
2025-10-29 03:40:57,483 INFO o.a.j.t.JMeterThread: Thread finished: Payment 3-5
2025-10-29 03:40:57,648 INFO o.a.j.t.JMeterThread: Thread is done: Send Money 2-5
2025-10-29 03:40:57,648 INFO o.a.j.t.JMeterThread: Thread finished: Send Money 2-5
2025-10-29 03:40:57,781 INFO o.a.j.t.JMeterThread: Thread is done: Deposit 1-5
2025-10-29 03:40:57,782 INFO o.a.j.t.JMeterThread: Thread finished: Deposit 1-5
2025-10-29 03:40:57,782 INFO o.a.j.e.StandardJMeterEngine: Notifying test listeners of end of test
2025-10-29 03:40:57,783 INFO o.a.j.s.FileServer: Close: E:/Apache_Jmeter/apache-jmeter-5.6.3/apache-jmeter-5.6.3/bin/Jmeter Chaining/deposit.csv@1624818404
2025-10-29 03:40:57,784 INFO o.a.j.s.FileServer: Close: E:/Apache_Jmeter/apache-jmeter-5.6.3/apache-jmeter-5.6.3/bin/Jmeter Chaining/payment.csv@1504524571
2025-10-29 03:40:57,785 INFO o.a.j.s.FileServer: Close: E:/Apache_Jmeter/apache-jmeter-5.6.3/apache-jmeter-5.6.3/bin/Jmeter Chaining/deposit.csv@1827117525
2025-10-29 03:40:57,785 INFO o.a.j.s.FileServer: Close: E:/Apache_Jmeter/apache-jmeter-5.6.3/apache-jmeter-5.6.3/bin/Jmeter Chaining/payment.csv@1158476585
2025-10-29 03:40:57,785 INFO o.a.j.s.FileServer: Close: E:/Apache_Jmeter/apache-jmeter-5.6.3/apache-jmeter-5.6.3/bin/Jmeter Chaining/payment.csv@1627050703
2025-10-29 03:40:57,785 INFO o.a.j.s.FileServer: Close: E:/Apache_Jmeter/apache-jmeter-5.6.3/apache-jmeter-5.6.3/bin/Jmeter Chaining/send_money.csv@1058782331
2025-10-29 03:40:57,785 INFO o.a.j.s.FileServer: Close: E:/Apache_Jmeter/apache-jmeter-5.6.3/apache-jmeter-5.6.3/bin/Jmeter Chaining/payment.csv@260464735
2025-10-29 03:40:57,785 INFO o.a.j.s.FileServer: Close: E:/Apache_Jmeter/apache-jmeter-5.6.3/apache-jmeter-5.6.3/bin/Jmeter Chaining/deposit.csv@742882002
2025-10-29 03:40:57,785 INFO o.a.j.s.FileServer: Close: E:/Apache_Jmeter/apache-jmeter-5.6.3/apache-jmeter-5.6.3/bin/Jmeter Chaining/send_money.csv@2144846665
2025-10-29 03:40:57,785 INFO o.a.j.s.FileServer: Close: E:/Apache_Jmeter/apache-jmeter-5.6.3/apache-jmeter-5.6.3/bin/Jmeter Chaining/send_money.csv@2039832437
2025-10-29 03:40:57,785 INFO o.a.j.s.FileServer: Close: E:/Apache_Jmeter/apache-jmeter-5.6.3/apache-jmeter-5.6.3/bin/Jmeter Chaining/deposit.csv@960379401
2025-10-29 03:40:57,785 INFO o.a.j.s.FileServer: Close: E:/Apache_Jmeter/apache-jmeter-5.6.3/apache-jmeter-5.6.3/bin/Jmeter Chaining/send_money.csv@529249155
2025-10-29 03:40:57,785 INFO o.a.j.s.FileServer: Close: E:/Apache_Jmeter/apache-jmeter-5.6.3/apache-jmeter-5.6.3/bin/Jmeter Chaining/deposit.csv@30655668
2025-10-29 03:40:57,786 INFO o.a.j.s.FileServer: Close: E:/Apache_Jmeter/apache-jmeter-5.6.3/apache-jmeter-5.6.3/bin/Jmeter Chaining/send_money.csv@357209208
2025-10-29 03:40:57,786 INFO o.a.j.s.FileServer: Close: E:/Apache_Jmeter/apache-jmeter-5.6.3/apache-jmeter-5.6.3/bin/Jmeter Chaining/payment.csv@1243950146
2025-10-29 03:40:57,792 INFO o.a.j.r.Summariser: summary +      9 in 00:00:24 =    0.4/s Avg:   291 Min:   148 Max:   413 Err:     0 (0.00%) Active: 0 Started: 15 Finished: 15
2025-10-29 03:40:57,792 INFO o.a.j.r.Summariser: summary =     26 in 00:01:38 =    0.3/s Avg:   310 Min:   143 Max:   615 Err:     0 (0.00%)
2025-10-29 03:40:57,793 INFO o.a.j.JMeter: Generating Dashboard
2025-10-29 03:40:57,793 INFO o.a.j.r.d.ReportGenerator: Flushing result collector before report Generation
2025-10-29 03:40:57,836 INFO o.a.j.r.p.NormalizerSampleConsumer: Using format, 'ms', to parse timeStamp field
2025-10-29 03:40:57,934 INFO o.a.j.r.p.AbstractSampleConsumer: class org.apache.jmeter.report.processor.AggregateConsumer#stopProducing(): beginDate produced 0 samples
2025-10-29 03:40:57,934 INFO o.a.j.r.p.AbstractSampleConsumer: class org.apache.jmeter.report.processor.AggregateConsumer#stopProducing(): endDate produced 0 samples
2025-10-29 03:40:57,937 INFO o.a.j.r.p.AbstractSampleConsumer: class org.apache.jmeter.report.processor.ApdexSummaryConsumer#stopProducing(): apdexSummary produced 0 samples
2025-10-29 03:40:57,938 INFO o.a.j.r.p.AbstractSampleConsumer: class org.apache.jmeter.report.processor.RequestsSummaryConsumer#stopProducing(): requestsSummary produced 0 samples
2025-10-29 03:40:57,944 INFO o.a.j.r.p.AbstractSampleConsumer: class org.apache.jmeter.report.processor.StatisticsSummaryConsumer#stopProducing(): statisticsSummary produced 0 samples
2025-10-29 03:40:57,947 INFO o.a.j.r.p.AbstractSampleConsumer: class org.apache.jmeter.report.processor.Top5ErrorsBySamplerConsumer#stopProducing(): top5ErrorsBySampler produced 0 samples
2025-10-29 03:40:57,948 INFO o.a.j.r.p.AbstractSampleConsumer: class org.apache.jmeter.report.processor.ErrorsSummaryConsumer#stopProducing(): errorsSummary produced 0 samples
2025-10-29 03:40:57,948 INFO o.a.j.r.p.AbstractSampleConsumer: class org.apache.jmeter.report.processor.graph.impl.HitsPerSecondGraphConsumer#stopProducing(): hitsPerSecond produced 0 samples
2025-10-29 03:40:57,990 INFO o.a.j.r.p.AbstractSampleConsumer: class org.apache.jmeter.report.processor.graph.impl.LatencyVSRequestGraphConsumer#stopProducing(): latencyVsRequest produced 0 samples
2025-10-29 03:40:57,991 INFO o.a.j.r.p.AbstractSampleConsumer: class org.apache.jmeter.report.processor.graph.impl.SyntheticResponseTimeDistributionGraphConsumer#stopProducing(): syntheticResponseTimeDistribution produced 0 samples
2025-10-29 03:40:57,991 INFO o.a.j.r.p.AbstractSampleConsumer: class org.apache.jmeter.report.processor.graph.impl.BytesThroughputGraphConsumer#stopProducing(): bytesThroughputOverTime produced 0 samples
2025-10-29 03:40:57,991 INFO o.a.j.r.p.AbstractSampleConsumer: class org.apache.jmeter.report.processor.graph.impl.CodesPerSecondGraphConsumer#stopProducing(): codesPerSecond produced 0 samples
2025-10-29 03:40:57,999 INFO o.a.j.r.p.AbstractSampleConsumer: class org.apache.jmeter.report.processor.graph.impl.ResponseTimeVSRequestGraphConsumer#stopProducing(): responseTimeVsRequest produced 0 samples
2025-10-29 03:40:57,999 INFO o.a.j.r.p.AbstractSampleConsumer: class org.apache.jmeter.report.processor.FilterConsumer#stopProducing(): startIntervalControlerFilter produced 182 samples
2025-10-29 03:40:57,999 INFO o.a.j.r.p.AbstractSampleConsumer: class org.apache.jmeter.report.processor.graph.impl.TotalTPSGraphConsumer#stopProducing(): totalTPS produced 0 samples
2025-10-29 03:40:57,999 INFO o.a.j.r.p.AbstractSampleConsumer: class org.apache.jmeter.report.processor.graph.impl.ActiveThreadsGraphConsumer#stopProducing(): activeThreadsOverTime produced 0 samples
2025-10-29 03:40:57,999 INFO o.a.j.r.p.AbstractSampleConsumer: class org.apache.jmeter.report.processor.graph.impl.TimeVSThreadGraphConsumer#stopProducing(): timeVsThreads produced 0 samples
2025-10-29 03:40:58,000 INFO o.a.j.r.p.AbstractSampleConsumer: class org.apache.jmeter.report.processor.graph.impl.ResponseTimeDistributionGraphConsumer#stopProducing(): responseTimeDistribution produced 0 samples
2025-10-29 03:40:58,000 INFO o.a.j.r.p.AbstractSampleConsumer: class org.apache.jmeter.report.processor.graph.impl.TransactionsPerSecondGraphConsumer#stopProducing(): transactionsPerSecond produced 0 samples
2025-10-29 03:40:58,000 INFO o.a.j.r.p.AbstractSampleConsumer: class org.apache.jmeter.report.processor.graph.impl.ResponseTimePercentilesGraphConsumer#stopProducing(): responseTimePercentiles produced 0 samples
2025-10-29 03:40:58,002 INFO o.a.j.r.p.AbstractSampleConsumer: class org.apache.jmeter.report.processor.graph.impl.ResponseTimePercentilesOverTimeGraphConsumer#stopProducing(): responseTimePercentilesOverTime produced 0 samples
2025-10-29 03:40:58,003 INFO o.a.j.r.p.AbstractSampleConsumer: class org.apache.jmeter.report.processor.graph.impl.ResponseTimeOverTimeGraphConsumer#stopProducing(): responseTimesOverTime produced 0 samples
2025-10-29 03:40:58,004 INFO o.a.j.r.p.AbstractSampleConsumer: class org.apache.jmeter.report.processor.graph.impl.ConnectTimeOverTimeGraphConsumer#stopProducing(): connectTimeOverTime produced 0 samples
2025-10-29 03:40:58,004 INFO o.a.j.r.p.AbstractSampleConsumer: class org.apache.jmeter.report.processor.graph.impl.LatencyOverTimeGraphConsumer#stopProducing(): latenciesOverTime produced 0 samples
2025-10-29 03:40:58,004 INFO o.a.j.r.p.AbstractSampleConsumer: class org.apache.jmeter.report.processor.FilterConsumer#stopProducing(): nameFilter produced 390 samples
2025-10-29 03:40:58,004 INFO o.a.j.r.p.AbstractSampleConsumer: class org.apache.jmeter.report.processor.FilterConsumer#stopProducing(): dateRangeFilter produced 78 samples
2025-10-29 03:40:58,004 INFO o.a.j.r.p.AbstractSampleConsumer: class org.apache.jmeter.report.processor.NormalizerSampleConsumer#stopProducing(): normalizer produced 26 samples
2025-10-29 03:40:58,005 INFO o.a.j.r.p.CsvFileSampleSource: produce(): 26 samples produced in 129ms on channel 0
2025-10-29 03:40:58,005 INFO o.a.j.r.d.ReportGenerator: Exporting data using exporter:'json' of className:'org.apache.jmeter.report.dashboard.JsonExporter'
2025-10-29 03:40:58,103 INFO o.a.j.r.d.JsonExporter: Found data for consumer statisticsSummary in context
2025-10-29 03:40:58,103 INFO o.a.j.r.d.JsonExporter: Creating statistics for overall
2025-10-29 03:40:58,104 INFO o.a.j.r.d.JsonExporter: Creating statistics for other transactions
2025-10-29 03:40:58,104 INFO o.a.j.r.d.JsonExporter: Checking output folder
2025-10-29 03:40:58,104 INFO o.a.j.r.d.JsonExporter: Writing statistics JSON to E:\Apache_Jmeter\apache-jmeter-5.6.3\apache-jmeter-5.6.3\bin\Jmeter Chaining\Reports\statistics.json
2025-10-29 03:40:58,157 INFO o.a.j.r.d.ReportGenerator: Exporting data using exporter:'html' of className:'org.apache.jmeter.report.dashboard.HtmlTemplateExporter'
2025-10-29 03:40:58,160 INFO o.a.j.r.d.HtmlTemplateExporter: Will generate dashboard in folder: E:\Apache_Jmeter\apache-jmeter-5.6.3\apache-jmeter-5.6.3\bin\Jmeter Chaining\Reports
2025-10-29 03:40:58,305 INFO o.a.j.r.d.HtmlTemplateExporter: Report will be generated in: E:\Apache_Jmeter\apache-jmeter-5.6.3\apache-jmeter-5.6.3\bin\Jmeter Chaining\Reports, creating folder structure
2025-10-29 03:40:58,308 INFO o.a.j.r.d.TemplateVisitor: Copying folder from 'E:\Apache_Jmeter\apache-jmeter-5.6.3\apache-jmeter-5.6.3\bin\report-template' to 'E:\Apache_Jmeter\apache-jmeter-5.6.3\apache-jmeter-5.6.3\bin\Jmeter Chaining\Reports', got message: E:\Apache_Jmeter\apache-jmeter-5.6.3\apache-jmeter-5.6.3\bin\Jmeter Chaining\Reports, found non empty folder with following content [E:\Apache_Jmeter\apache-jmeter-5.6.3\apache-jmeter-5.6.3\bin\Jmeter Chaining\Reports\statistics.json], will be ignored
2025-10-29 03:40:59,143 INFO o.a.j.JMeter: Dashboard generated
